# JRE version: OpenJDK Runtime Environment (11.0.2+9) (build 11.0.2+9)
# Java VM: OpenJDK 64-Bit Server VM (11.0.2+9, mixed mode, tiered, compressed oops, g1 gc, windows-amd64)
Heap:
 garbage-first heap   total 98304K, used 28517K [0x00000000a1000000, 0x0000000100000000)
  region size 1024K, 18 young (18432K), 6 survivors (6144K)
 Metaspace       used 38389K, capacity 39221K, committed 39420K, reserved 1083392K
  class space    used 4538K, capacity 4871K, committed 4992K, reserved 1048576K
GC Heap History (10 events):
Event: 5.840 GC heap before
{Heap before GC invocations=3 (full 0):
 garbage-first heap   total 98304K, used 30974K [0x00000000a1000000, 0x0000000100000000)
  region size 1024K, 25 young (25600K), 3 survivors (3072K)
 Metaspace       used 20744K, capacity 21109K, committed 21296K, reserved 1069056K
  class space    used 2274K, capacity 2406K, committed 2432K, reserved 1048576K
}
Event: 5.849 GC heap after
{Heap after GC invocations=4 (full 0):
 garbage-first heap   total 98304K, used 10552K [0x00000000a1000000, 0x0000000100000000)
  region size 1024K, 3 young (3072K), 3 survivors (3072K)
 Metaspace       used 20744K, capacity 21109K, committed 21296K, reserved 1069056K
  class space    used 2274K, capacity 2406K, committed 2432K, reserved 1048576K
}
Event: 6.455 GC heap before
{Heap before GC invocations=5 (full 0):
 garbage-first heap   total 98304K, used 47416K [0x00000000a1000000, 0x0000000100000000)
  region size 1024K, 39 young (39936K), 3 survivors (3072K)
 Metaspace       used 25415K, capacity 25987K, committed 26160K, reserved 1073152K
  class space    used 2998K, capacity 3194K, committed 3200K, reserved 1048576K
}
Event: 6.461 GC heap after
{Heap after GC invocations=6 (full 0):
 garbage-first heap   total 98304K, used 11639K [0x00000000a1000000, 0x0000000100000000)
  region size 1024K, 4 young (4096K), 4 survivors (4096K)
 Metaspace       used 25415K, capacity 25987K, committed 26160K, reserved 1073152K
  class space    used 2998K, capacity 3194K, committed 3200K, reserved 1048576K
}
Event: 11.661 GC heap before
{Heap before GC invocations=6 (full 0):
 garbage-first heap   total 98304K, used 64887K [0x00000000a1000000, 0x0000000100000000)
  region size 1024K, 57 young (58368K), 4 survivors (4096K)
 Metaspace       used 32838K, capacity 33514K, committed 33840K, reserved 1079296K
  class space    used 3857K, capacity 4108K, committed 4224K, reserved 1048576K
}
Event: 11.670 GC heap after
{Heap after GC invocations=7 (full 0):
 garbage-first heap   total 98304K, used 13747K [0x00000000a1000000, 0x0000000100000000)
  region size 1024K, 6 young (6144K), 6 survivors (6144K)
 Metaspace       used 32838K, capacity 33514K, committed 33840K, reserved 1079296K
  class space    used 3857K, capacity 4108K, committed 4224K, reserved 1048576K
}
Event: 12.818 GC heap before
{Heap before GC invocations=7 (full 0):
 garbage-first heap   total 98304K, used 47539K [0x00000000a1000000, 0x0000000100000000)
  region size 1024K, 40 young (40960K), 6 survivors (6144K)
 Metaspace       used 34895K, capacity 35588K, committed 35708K, reserved 1081344K
  class space    used 4048K, capacity 4322K, committed 4352K, reserved 1048576K
}
Event: 12.836 GC heap after
{Heap after GC invocations=8 (full 0):
 garbage-first heap   total 98304K, used 15572K [0x00000000a1000000, 0x0000000100000000)
  region size 1024K, 6 young (6144K), 6 survivors (6144K)
 Metaspace       used 34895K, capacity 35588K, committed 35708K, reserved 1081344K
  class space    used 4048K, capacity 4322K, committed 4352K, reserved 1048576K
}
Event: 14.103 GC heap before
{Heap before GC invocations=9 (full 0):
 garbage-first heap   total 98304K, used 67796K [0x00000000a1000000, 0x0000000100000000)
  region size 1024K, 57 young (58368K), 6 survivors (6144K)
 Metaspace       used 37338K, capacity 38114K, committed 38140K, reserved 1083392K
  class space    used 4393K, capacity 4716K, committed 4736K, reserved 1048576K
}
Event: 14.122 GC heap after
{Heap after GC invocations=10 (full 0):
 garbage-first heap   total 98304K, used 17253K [0x00000000a1000000, 0x0000000100000000)
  region size 1024K, 6 young (6144K), 6 survivors (6144K)
 Metaspace       used 37338K, capacity 38114K, committed 38140K, reserved 1083392K
  class space    used 4393K, capacity 4716K, committed 4736K, reserved 1048576K
}

